[2017-01-23 14:53:50.316] [INFO] resLogger - 
*************** response log start ***************
request method: GET
request originalUrl:  /userfeedback
request client ip:  ::1
request query:  {}
response time: 0
response status: 404
response body: 
undefined
*************** response log end ***************

[2017-01-23 14:53:51.597] [INFO] resLogger - 
*************** response log start ***************
request method: GET
request originalUrl:  /userfeedback
request client ip:  ::1
request query:  {}
response time: 0
response status: 404
response body: 
undefined
*************** response log end ***************

[2017-01-23 14:58:15.727] [INFO] resLogger - 
*************** response log start ***************
request method: GET
request originalUrl:  /userfeedback
request client ip:  ::1
request query:  {}
response time: 0
response status: 404
response body: 
undefined
*************** response log end ***************

