[2017-01-23 16:05:50.689] [INFO] resLogger - 
*************** response log start ***************
request method: GET
request originalUrl:  /userfeedback
request client ip:  ::1
request query:  {}
response time: 0
response status: 404
response body: 
undefined
*************** response log end ***************

[2017-01-23 16:05:51.970] [INFO] resLogger - 
*************** response log start ***************
request method: GET
request originalUrl:  /userfeedback
request client ip:  ::1
request query:  {}
response time: 0
response status: 404
response body: 
undefined
*************** response log end ***************

[2017-01-23 16:07:38.618] [INFO] resLogger - 
*************** response log start ***************
request method: GET
request originalUrl:  /userfeedback
request client ip:  ::1
request query:  {}
response time: 0
response status: 404
response body: 
undefined
*************** response log end ***************

[2017-01-23 16:09:49.016] [INFO] resLogger - 
*************** response log start ***************
request method: GET
request originalUrl:  /api/userfeedback
request client ip:  ::1
request query:  {}
response time: 0
response status: 404
response body: 
undefined
*************** response log end ***************

[2017-01-23 16:10:38.600] [INFO] resLogger - 
*************** response log start ***************
request method: GET
request originalUrl:  /userfeedback
request client ip:  ::1
request query:  {}
response time: 0
response status: 404
response body: 
undefined
*************** response log end ***************

[2017-01-23 16:10:40.415] [INFO] resLogger - 
*************** response log start ***************
request method: GET
request originalUrl:  /userfeedback
request client ip:  ::1
request query:  {}
response time: 0
response status: 404
response body: 
undefined
*************** response log end ***************

[2017-01-23 16:11:25.891] [INFO] resLogger - 
*************** response log start ***************
request method: GET
request originalUrl:  /userfeedback
request client ip:  ::1
request query:  {}
response time: 0
response status: 404
response body: 
undefined
*************** response log end ***************

[2017-01-23 16:11:39.023] [INFO] resLogger - 
*************** response log start ***************
request method: GET
request originalUrl:  /userfeedback
request client ip:  ::1
request query:  {}
response time: 0
response status: 404
response body: 
undefined
*************** response log end ***************

[2017-01-23 16:11:42.881] [INFO] resLogger - 
*************** response log start ***************
request method: GET
request originalUrl:  /userfeedback
request client ip:  ::1
request query:  {}
response time: 0
response status: 404
response body: 
undefined
*************** response log end ***************

[2017-01-23 16:12:33.463] [INFO] resLogger - 
*************** response log start ***************
request method: GET
request originalUrl:  /api/userfeedback
request client ip:  ::1
request query:  {}
response time: 0
response status: 404
response body: 
undefined
*************** response log end ***************

[2017-01-23 16:15:19.604] [INFO] resLogger - 
*************** response log start ***************
request method: GET
request originalUrl:  /api/userfeedback
request client ip:  ::1
request query:  {}
response time: 0
response status: 404
response body: 
undefined
*************** response log end ***************

[2017-01-23 16:19:29.959] [INFO] resLogger - 
*************** response log start ***************
request method: GET
request originalUrl:  /api/userfeedback
request client ip:  ::1
request query:  {}
response time: 0
response status: 404
response body: 
undefined
*************** response log end ***************

[2017-01-23 16:19:59.763] [INFO] resLogger - 
*************** response log start ***************
request method: GET
request originalUrl:  /api/userfeedback
request client ip:  ::1
request query:  {}
response time: 0
response status: 404
response body: 
undefined
*************** response log end ***************

[2017-01-23 16:20:03.406] [INFO] resLogger - 
*************** response log start ***************
request method: GET
request originalUrl:  /api/userfeedback
request client ip:  ::1
request query:  {}
response time: 1
response status: 404
response body: 
undefined
*************** response log end ***************

[2017-01-23 16:21:41.451] [INFO] resLogger - 
*************** response log start ***************
request method: GET
request originalUrl:  /api/userfeedback
request client ip:  ::1
request query:  {}
response time: 302
response status: 200
response body: 
"<!DOCTYPE html><html><head><title>koa2 Demo</title><link rel=\"stylesheet\" href=\"/stylesheets/style.css\"><link rel=\"stylesheet\" href=\"/stylesheets/form.css\"><link rel=\"stylesheet\" href=\"/stylesheets/userFeedback.css\"><script src=\"/javascripts//common/jquery-2.1.1.min.js\"></script><script src=\"/javascripts/userFeedback.js\"></script></head><body class=\"ui-page\"><h1>用户反馈list</h1><ul id=\"feedback-wrap\" class=\"feedbackList\"></ul></body></html>"
*************** response log end ***************

[2017-01-23 16:21:41.669] [INFO] resLogger - 
*************** response log start ***************
request method: GET
request originalUrl:  /feedbacklist
request client ip:  ::1
request query:  {}
response time: 155
response status: 200
response body: 
{"count":102,"rows":[{"id":31,"third_id":"30c898d75b1a3c2ac4f63e410aaddb4b","apply_no":"12323940342","description":"用户中心测试","page_source":"","create_time":"2016-07-21T17:26:08.000Z","update_time":"2016-07-21T17:26:08.000Z"},{"id":32,"third_id":"30c898d75b1a3c2ac4f63e410aaddb4b","apply_no":"12323940342","description":" 用户中心测试","page_source":"","create_time":"2016-07-21T17:28:51.000Z","update_time":"2016-07-21T17:28:51.000Z"},{"id":33,"third_id":"30c898d75b1a3c2ac4f63e410aaddb4b","apply_no":"12323940342","description":"用户中心测试","page_source":"用户中心","create_time":"2016-07-21T17:29:38.000Z","update_time":"2016-07-21T17:29:38.000Z"},{"id":34,"third_id":"30c898d75b1a3c2ac4f63e410aaddb4b","apply_no":"12323940342","description":"申请额度页面测试","page_source":"申请额度页","create_time":"2016-07-21T17:36:05.000Z","update_time":"2016-07-21T17:36:05.000Z"},{"id":35,"third_id":"30c898d75b1a3c2ac4f63e410aaddb4b","apply_no":"12323940342","description":"身份证测试","page_source":"身份验证页","create_time":"2016-07-21T17:37:05.000Z","update_time":"2016-07-21T17:37:05.000Z"},{"id":36,"third_id":"30c898d75b1a3c2ac4f63e410aaddb4b","apply_no":"12323940342","description":"验证资质页面测试","page_source":"验证资质页","create_time":"2016-07-21T17:37:36.000Z","update_time":"2016-07-21T17:37:36.000Z"},{"id":37,"third_id":"30c898d75b1a3c2ac4f63e410aaddb4b","apply_no":"12323940342","description":"手机验证页面","page_source":"手机验证页","create_time":"2016-07-21T17:38:43.000Z","update_time":"2016-07-21T17:38:43.000Z"},{"id":38,"third_id":"30c898d75b1a3c2ac4f63e410aaddb4b","apply_no":"12323940342","description":"手机验证","page_source":"手机验证页","create_time":"2016-07-21T17:46:10.000Z","update_time":"2016-07-21T17:46:10.000Z"},{"id":39,"third_id":"30c898d75b1a3c2ac4f63e410aaddb4b","apply_no":"12323940342","description":"手机验证","page_source":"手机验证页","create_time":"2016-07-21T17:46:40.000Z","update_time":"2016-07-21T17:46:40.000Z"},{"id":40,"third_id":"30c898d75b1a3c2ac4f63e410aaddb4b","apply_no":"12323940342","description":"登录页面","page_source":"登录页","create_time":"2016-07-21T17:55:20.000Z","update_time":"2016-07-21T17:55:20.000Z"}]}
*************** response log end ***************

[2017-01-23 16:21:55.952] [INFO] resLogger - 
*************** response log start ***************
request method: GET
request originalUrl:  /userfeedback
request client ip:  ::1
request query:  {}
response time: 0
response status: 404
response body: 
undefined
*************** response log end ***************

[2017-01-23 16:22:05.354] [INFO] resLogger - 
*************** response log start ***************
request method: GET
request originalUrl:  /userfeedback
request client ip:  ::1
request query:  {}
response time: 0
response status: 404
response body: 
undefined
*************** response log end ***************

[2017-01-23 16:22:20.790] [INFO] resLogger - 
*************** response log start ***************
request method: GET
request originalUrl:  /api/userfeedback
request client ip:  ::1
request query:  {}
response time: 28
response status: 200
response body: 
"<!DOCTYPE html><html><head><title>koa2 Demo</title><link rel=\"stylesheet\" href=\"/stylesheets/style.css\"><link rel=\"stylesheet\" href=\"/stylesheets/form.css\"><link rel=\"stylesheet\" href=\"/stylesheets/userFeedback.css\"><script src=\"/javascripts//common/jquery-2.1.1.min.js\"></script><script src=\"/javascripts/userFeedback.js\"></script></head><body class=\"ui-page\"><h1>用户反馈list</h1><ul id=\"feedback-wrap\" class=\"feedbackList\"></ul></body></html>"
*************** response log end ***************

[2017-01-23 16:22:20.893] [INFO] resLogger - 
*************** response log start ***************
request method: GET
request originalUrl:  /feedbacklist
request client ip:  ::1
request query:  {}
response time: 52
response status: 200
response body: 
{"count":102,"rows":[{"id":31,"third_id":"30c898d75b1a3c2ac4f63e410aaddb4b","apply_no":"12323940342","description":"用户中心测试","page_source":"","create_time":"2016-07-21T17:26:08.000Z","update_time":"2016-07-21T17:26:08.000Z"},{"id":32,"third_id":"30c898d75b1a3c2ac4f63e410aaddb4b","apply_no":"12323940342","description":" 用户中心测试","page_source":"","create_time":"2016-07-21T17:28:51.000Z","update_time":"2016-07-21T17:28:51.000Z"},{"id":33,"third_id":"30c898d75b1a3c2ac4f63e410aaddb4b","apply_no":"12323940342","description":"用户中心测试","page_source":"用户中心","create_time":"2016-07-21T17:29:38.000Z","update_time":"2016-07-21T17:29:38.000Z"},{"id":34,"third_id":"30c898d75b1a3c2ac4f63e410aaddb4b","apply_no":"12323940342","description":"申请额度页面测试","page_source":"申请额度页","create_time":"2016-07-21T17:36:05.000Z","update_time":"2016-07-21T17:36:05.000Z"},{"id":35,"third_id":"30c898d75b1a3c2ac4f63e410aaddb4b","apply_no":"12323940342","description":"身份证测试","page_source":"身份验证页","create_time":"2016-07-21T17:37:05.000Z","update_time":"2016-07-21T17:37:05.000Z"},{"id":36,"third_id":"30c898d75b1a3c2ac4f63e410aaddb4b","apply_no":"12323940342","description":"验证资质页面测试","page_source":"验证资质页","create_time":"2016-07-21T17:37:36.000Z","update_time":"2016-07-21T17:37:36.000Z"},{"id":37,"third_id":"30c898d75b1a3c2ac4f63e410aaddb4b","apply_no":"12323940342","description":"手机验证页面","page_source":"手机验证页","create_time":"2016-07-21T17:38:43.000Z","update_time":"2016-07-21T17:38:43.000Z"},{"id":38,"third_id":"30c898d75b1a3c2ac4f63e410aaddb4b","apply_no":"12323940342","description":"手机验证","page_source":"手机验证页","create_time":"2016-07-21T17:46:10.000Z","update_time":"2016-07-21T17:46:10.000Z"},{"id":39,"third_id":"30c898d75b1a3c2ac4f63e410aaddb4b","apply_no":"12323940342","description":"手机验证","page_source":"手机验证页","create_time":"2016-07-21T17:46:40.000Z","update_time":"2016-07-21T17:46:40.000Z"},{"id":40,"third_id":"30c898d75b1a3c2ac4f63e410aaddb4b","apply_no":"12323940342","description":"登录页面","page_source":"登录页","create_time":"2016-07-21T17:55:20.000Z","update_time":"2016-07-21T17:55:20.000Z"}]}
*************** response log end ***************

[2017-01-23 16:22:30.253] [INFO] resLogger - 
*************** response log start ***************
request method: GET
request originalUrl:  /api/userfeedback
request client ip:  ::1
request query:  {}
response time: 25
response status: 200
response body: 
"<!DOCTYPE html><html><head><title>koa2 Demo</title><link rel=\"stylesheet\" href=\"/stylesheets/style.css\"><link rel=\"stylesheet\" href=\"/stylesheets/form.css\"><link rel=\"stylesheet\" href=\"/stylesheets/userFeedback.css\"><script src=\"/javascripts//common/jquery-2.1.1.min.js\"></script><script src=\"/javascripts/userFeedback.js\"></script></head><body class=\"ui-page\"><h1>用户反馈list</h1><ul id=\"feedback-wrap\" class=\"feedbackList\"></ul></body></html>"
*************** response log end ***************

[2017-01-23 16:22:30.330] [INFO] resLogger - 
*************** response log start ***************
request method: GET
request originalUrl:  /feedbacklist
request client ip:  ::1
request query:  {}
response time: 22
response status: 200
response body: 
{"count":102,"rows":[{"id":31,"third_id":"30c898d75b1a3c2ac4f63e410aaddb4b","apply_no":"12323940342","description":"用户中心测试","page_source":"","create_time":"2016-07-21T17:26:08.000Z","update_time":"2016-07-21T17:26:08.000Z"},{"id":32,"third_id":"30c898d75b1a3c2ac4f63e410aaddb4b","apply_no":"12323940342","description":" 用户中心测试","page_source":"","create_time":"2016-07-21T17:28:51.000Z","update_time":"2016-07-21T17:28:51.000Z"},{"id":33,"third_id":"30c898d75b1a3c2ac4f63e410aaddb4b","apply_no":"12323940342","description":"用户中心测试","page_source":"用户中心","create_time":"2016-07-21T17:29:38.000Z","update_time":"2016-07-21T17:29:38.000Z"},{"id":34,"third_id":"30c898d75b1a3c2ac4f63e410aaddb4b","apply_no":"12323940342","description":"申请额度页面测试","page_source":"申请额度页","create_time":"2016-07-21T17:36:05.000Z","update_time":"2016-07-21T17:36:05.000Z"},{"id":35,"third_id":"30c898d75b1a3c2ac4f63e410aaddb4b","apply_no":"12323940342","description":"身份证测试","page_source":"身份验证页","create_time":"2016-07-21T17:37:05.000Z","update_time":"2016-07-21T17:37:05.000Z"},{"id":36,"third_id":"30c898d75b1a3c2ac4f63e410aaddb4b","apply_no":"12323940342","description":"验证资质页面测试","page_source":"验证资质页","create_time":"2016-07-21T17:37:36.000Z","update_time":"2016-07-21T17:37:36.000Z"},{"id":37,"third_id":"30c898d75b1a3c2ac4f63e410aaddb4b","apply_no":"12323940342","description":"手机验证页面","page_source":"手机验证页","create_time":"2016-07-21T17:38:43.000Z","update_time":"2016-07-21T17:38:43.000Z"},{"id":38,"third_id":"30c898d75b1a3c2ac4f63e410aaddb4b","apply_no":"12323940342","description":"手机验证","page_source":"手机验证页","create_time":"2016-07-21T17:46:10.000Z","update_time":"2016-07-21T17:46:10.000Z"},{"id":39,"third_id":"30c898d75b1a3c2ac4f63e410aaddb4b","apply_no":"12323940342","description":"手机验证","page_source":"手机验证页","create_time":"2016-07-21T17:46:40.000Z","update_time":"2016-07-21T17:46:40.000Z"},{"id":40,"third_id":"30c898d75b1a3c2ac4f63e410aaddb4b","apply_no":"12323940342","description":"登录页面","page_source":"登录页","create_time":"2016-07-21T17:55:20.000Z","update_time":"2016-07-21T17:55:20.000Z"}]}
*************** response log end ***************

[2017-01-23 16:22:51.316] [INFO] resLogger - 
*************** response log start ***************
request method: GET
request originalUrl:  /api/userfeedback
request client ip:  ::1
request query:  {}
response time: 0
response status: 404
response body: 
undefined
*************** response log end ***************

[2017-01-23 16:28:36.242] [INFO] resLogger - 
*************** response log start ***************
request method: GET
request originalUrl:  /api/userfeedback
request client ip:  ::1
request query:  {}
response time: 301
response status: 200
response body: 
"<!DOCTYPE html><html><head><title>koa2 Demo</title><link rel=\"stylesheet\" href=\"/stylesheets/style.css\"><link rel=\"stylesheet\" href=\"/stylesheets/form.css\"><link rel=\"stylesheet\" href=\"/stylesheets/userFeedback.css\"><script src=\"/javascripts//common/jquery-2.1.1.min.js\"></script><script src=\"/javascripts/userFeedback.js\"></script></head><body class=\"ui-page\"><h1>用户反馈list</h1><ul id=\"feedback-wrap\" class=\"feedbackList\"></ul></body></html>"
*************** response log end ***************

[2017-01-23 16:28:36.302] [INFO] resLogger - 
*************** response log start ***************
request method: GET
request originalUrl:  /feedbacklist
request client ip:  ::1
request query:  {}
response time: 0
response status: 404
response body: 
undefined
*************** response log end ***************

[2017-01-23 16:34:49.280] [INFO] resLogger - 
*************** response log start ***************
request method: GET
request originalUrl:  /api/userfeedback
request client ip:  ::1
request query:  {}
response time: 329
response status: 200
response body: 
"<!DOCTYPE html><html><head><title>koa2 Demo</title><link rel=\"stylesheet\" href=\"/stylesheets/style.css\"><link rel=\"stylesheet\" href=\"/stylesheets/form.css\"><link rel=\"stylesheet\" href=\"/stylesheets/userFeedback.css\"><script src=\"/javascripts//common/jquery-2.1.1.min.js\"></script><script src=\"/javascripts/userFeedback.js\"></script></head><body class=\"ui-page\"><h1>用户反馈list</h1><ul id=\"feedback-wrap\" class=\"feedbackList\"></ul></body></html>"
*************** response log end ***************

[2017-01-23 16:34:49.534] [INFO] resLogger - 
*************** response log start ***************
request method: GET
request originalUrl:  /api/feedbacklist
request client ip:  ::1
request query:  {}
response time: 182
response status: 200
response body: 
{"count":102,"rows":[{"id":31,"third_id":"30c898d75b1a3c2ac4f63e410aaddb4b","apply_no":"12323940342","description":"用户中心测试","page_source":"","create_time":"2016-07-21T17:26:08.000Z","update_time":"2016-07-21T17:26:08.000Z"},{"id":32,"third_id":"30c898d75b1a3c2ac4f63e410aaddb4b","apply_no":"12323940342","description":" 用户中心测试","page_source":"","create_time":"2016-07-21T17:28:51.000Z","update_time":"2016-07-21T17:28:51.000Z"},{"id":33,"third_id":"30c898d75b1a3c2ac4f63e410aaddb4b","apply_no":"12323940342","description":"用户中心测试","page_source":"用户中心","create_time":"2016-07-21T17:29:38.000Z","update_time":"2016-07-21T17:29:38.000Z"},{"id":34,"third_id":"30c898d75b1a3c2ac4f63e410aaddb4b","apply_no":"12323940342","description":"申请额度页面测试","page_source":"申请额度页","create_time":"2016-07-21T17:36:05.000Z","update_time":"2016-07-21T17:36:05.000Z"},{"id":35,"third_id":"30c898d75b1a3c2ac4f63e410aaddb4b","apply_no":"12323940342","description":"身份证测试","page_source":"身份验证页","create_time":"2016-07-21T17:37:05.000Z","update_time":"2016-07-21T17:37:05.000Z"},{"id":36,"third_id":"30c898d75b1a3c2ac4f63e410aaddb4b","apply_no":"12323940342","description":"验证资质页面测试","page_source":"验证资质页","create_time":"2016-07-21T17:37:36.000Z","update_time":"2016-07-21T17:37:36.000Z"},{"id":37,"third_id":"30c898d75b1a3c2ac4f63e410aaddb4b","apply_no":"12323940342","description":"手机验证页面","page_source":"手机验证页","create_time":"2016-07-21T17:38:43.000Z","update_time":"2016-07-21T17:38:43.000Z"},{"id":38,"third_id":"30c898d75b1a3c2ac4f63e410aaddb4b","apply_no":"12323940342","description":"手机验证","page_source":"手机验证页","create_time":"2016-07-21T17:46:10.000Z","update_time":"2016-07-21T17:46:10.000Z"},{"id":39,"third_id":"30c898d75b1a3c2ac4f63e410aaddb4b","apply_no":"12323940342","description":"手机验证","page_source":"手机验证页","create_time":"2016-07-21T17:46:40.000Z","update_time":"2016-07-21T17:46:40.000Z"},{"id":40,"third_id":"30c898d75b1a3c2ac4f63e410aaddb4b","apply_no":"12323940342","description":"登录页面","page_source":"登录页","create_time":"2016-07-21T17:55:20.000Z","update_time":"2016-07-21T17:55:20.000Z"}]}
*************** response log end ***************

[2017-01-23 16:39:35.912] [INFO] resLogger - 
*************** response log start ***************
request method: GET
request originalUrl:  /api/userfeedback
request client ip:  ::1
request query:  {}
response time: 1
response status: 404
response body: 
undefined
*************** response log end ***************

[2017-01-23 16:39:41.906] [INFO] resLogger - 
*************** response log start ***************
request method: GET
request originalUrl:  /userfeedback
request client ip:  ::1
request query:  {}
response time: 305
response status: 200
response body: 
"<!DOCTYPE html><html><head><title>koa2 Demo</title><link rel=\"stylesheet\" href=\"/stylesheets/style.css\"><link rel=\"stylesheet\" href=\"/stylesheets/form.css\"><link rel=\"stylesheet\" href=\"/stylesheets/userFeedback.css\"><script src=\"/javascripts//common/jquery-2.1.1.min.js\"></script><script src=\"/javascripts/userFeedback.js\"></script></head><body class=\"ui-page\"><h1>用户反馈list</h1><ul id=\"feedback-wrap\" class=\"feedbackList\"></ul></body></html>"
*************** response log end ***************

[2017-01-23 16:39:41.962] [INFO] resLogger - 
*************** response log start ***************
request method: GET
request originalUrl:  /api/feedbacklist
request client ip:  ::1
request query:  {}
response time: 0
response status: 404
response body: 
undefined
*************** response log end ***************

[2017-01-23 16:41:41.141] [INFO] resLogger - 
*************** response log start ***************
request method: GET
request originalUrl:  /userfeedback
request client ip:  ::1
request query:  {}
response time: 255
response status: 200
response body: 
"<!DOCTYPE html><html><head><title>koa2 Demo</title><link rel=\"stylesheet\" href=\"/stylesheets/style.css\"><link rel=\"stylesheet\" href=\"/stylesheets/form.css\"><link rel=\"stylesheet\" href=\"/stylesheets/userFeedback.css\"><script src=\"/javascripts//common/jquery-2.1.1.min.js\"></script><script src=\"/javascripts/userFeedback.js\"></script></head><body class=\"ui-page\"><h1>用户反馈list</h1><ul id=\"feedback-wrap\" class=\"feedbackList\"></ul></body></html>"
*************** response log end ***************

[2017-01-23 16:41:41.358] [INFO] resLogger - 
*************** response log start ***************
request method: GET
request originalUrl:  /feedbacklist
request client ip:  ::1
request query:  {}
response time: 156
response status: 200
response body: 
{"count":102,"rows":[{"id":31,"third_id":"30c898d75b1a3c2ac4f63e410aaddb4b","apply_no":"12323940342","description":"用户中心测试","page_source":"","create_time":"2016-07-21T17:26:08.000Z","update_time":"2016-07-21T17:26:08.000Z"},{"id":32,"third_id":"30c898d75b1a3c2ac4f63e410aaddb4b","apply_no":"12323940342","description":" 用户中心测试","page_source":"","create_time":"2016-07-21T17:28:51.000Z","update_time":"2016-07-21T17:28:51.000Z"},{"id":33,"third_id":"30c898d75b1a3c2ac4f63e410aaddb4b","apply_no":"12323940342","description":"用户中心测试","page_source":"用户中心","create_time":"2016-07-21T17:29:38.000Z","update_time":"2016-07-21T17:29:38.000Z"},{"id":34,"third_id":"30c898d75b1a3c2ac4f63e410aaddb4b","apply_no":"12323940342","description":"申请额度页面测试","page_source":"申请额度页","create_time":"2016-07-21T17:36:05.000Z","update_time":"2016-07-21T17:36:05.000Z"},{"id":35,"third_id":"30c898d75b1a3c2ac4f63e410aaddb4b","apply_no":"12323940342","description":"身份证测试","page_source":"身份验证页","create_time":"2016-07-21T17:37:05.000Z","update_time":"2016-07-21T17:37:05.000Z"},{"id":36,"third_id":"30c898d75b1a3c2ac4f63e410aaddb4b","apply_no":"12323940342","description":"验证资质页面测试","page_source":"验证资质页","create_time":"2016-07-21T17:37:36.000Z","update_time":"2016-07-21T17:37:36.000Z"},{"id":37,"third_id":"30c898d75b1a3c2ac4f63e410aaddb4b","apply_no":"12323940342","description":"手机验证页面","page_source":"手机验证页","create_time":"2016-07-21T17:38:43.000Z","update_time":"2016-07-21T17:38:43.000Z"},{"id":38,"third_id":"30c898d75b1a3c2ac4f63e410aaddb4b","apply_no":"12323940342","description":"手机验证","page_source":"手机验证页","create_time":"2016-07-21T17:46:10.000Z","update_time":"2016-07-21T17:46:10.000Z"},{"id":39,"third_id":"30c898d75b1a3c2ac4f63e410aaddb4b","apply_no":"12323940342","description":"手机验证","page_source":"手机验证页","create_time":"2016-07-21T17:46:40.000Z","update_time":"2016-07-21T17:46:40.000Z"},{"id":40,"third_id":"30c898d75b1a3c2ac4f63e410aaddb4b","apply_no":"12323940342","description":"登录页面","page_source":"登录页","create_time":"2016-07-21T17:55:20.000Z","update_time":"2016-07-21T17:55:20.000Z"}]}
*************** response log end ***************

