[2017-01-24 16:10:02.995] [INFO] resLogger - 
*************** response log start ***************
request method: GET
request originalUrl:  /
request client ip:  ::1
request query:  {}
response time: 310
response status: 200
response body: 
"<!DOCTYPE html><html><head><title>koa2 Demo</title><link rel=\"stylesheet\" href=\"/stylesheets/style.css\"><link rel=\"stylesheet\" href=\"/stylesheets/form.css\"><link rel=\"stylesheet\" href=\"/stylesheets/userFeedback.css\"><script src=\"/javascripts//common/jquery-2.1.1.min.js\"></script><script src=\"/javascripts/login.js\"></script></head><body class=\"ui-page\"><h1 class=\"title\">koa2 Demo</h1><form class=\"ui-form\"><div class=\"ui-form-item\"><input id=\"userName\" name=\"userName\" placeholder=\"手机号/用户名\" class=\"ui-input\"></div><div class=\"ui-form-item\"><input id=\"passWord\" name=\"password\" placeholder=\"请输入密码\" class=\"ui-input\"></div><div class=\"ui-button-box\"><input id=\"btn-submit\" type=\"button\" value=\"提交\" class=\"ui-button ui-button-green ui-button-large\"></div></form></body></html>"
*************** response log end ***************

[2017-01-24 16:10:15.283] [INFO] resLogger - 
*************** response log start ***************
request method: POST
request originalUrl:  /toLogin
request client ip:  ::1
request body: 
{"userName":"zhangshanshan","password":"123456"}
response time: 163
response status: 204
response body: 
undefined
*************** response log end ***************

[2017-01-24 16:10:29.266] [INFO] resLogger - 
*************** response log start ***************
request method: GET
request originalUrl:  /
request client ip:  ::1
request query:  {}
response time: 57
response status: 200
response body: 
"<!DOCTYPE html><html><head><title>koa2 Demo</title><link rel=\"stylesheet\" href=\"/stylesheets/style.css\"><link rel=\"stylesheet\" href=\"/stylesheets/form.css\"><link rel=\"stylesheet\" href=\"/stylesheets/userFeedback.css\"><script src=\"/javascripts//common/jquery-2.1.1.min.js\"></script><script src=\"/javascripts/login.js\"></script></head><body class=\"ui-page\"><h1 class=\"title\">koa2 Demo</h1><form class=\"ui-form\"><div class=\"ui-form-item\"><input id=\"userName\" name=\"userName\" placeholder=\"手机号/用户名\" class=\"ui-input\"></div><div class=\"ui-form-item\"><input id=\"passWord\" name=\"password\" placeholder=\"请输入密码\" class=\"ui-input\"></div><div class=\"ui-button-box\"><input id=\"btn-submit\" type=\"button\" value=\"提交\" class=\"ui-button ui-button-green ui-button-large\"></div></form></body></html>"
*************** response log end ***************

[2017-01-24 16:10:42.958] [INFO] resLogger - 
*************** response log start ***************
request method: POST
request originalUrl:  /toLogin
request client ip:  ::1
request body: 
{"userName":"jianwei","password":"123456"}
response time: 45
response status: 204
response body: 
undefined
*************** response log end ***************

[2017-01-24 16:12:03.450] [INFO] resLogger - 
*************** response log start ***************
request method: POST
request originalUrl:  /toLogin
request client ip:  ::1
request body: 
{"userName":"jianwei","password":"123456"}
response time: 53
response status: 204
response body: 
undefined
*************** response log end ***************

[2017-01-24 16:12:14.700] [INFO] resLogger - 
*************** response log start ***************
request method: POST
request originalUrl:  /toLogin
request client ip:  ::1
request body: 
{"userName":"zhangshanshan","password":"123456"}
response time: 16
response status: 204
response body: 
undefined
*************** response log end ***************

[2017-01-24 16:38:53.582] [INFO] resLogger - 
*************** response log start ***************
request method: GET
request originalUrl:  /
request client ip:  ::1
request query:  {}
response time: 304
response status: 200
response body: 
"<!DOCTYPE html><html><head><title>koa2 Demo</title><link rel=\"stylesheet\" href=\"/stylesheets/style.css\"><link rel=\"stylesheet\" href=\"/stylesheets/form.css\"><link rel=\"stylesheet\" href=\"/stylesheets/userFeedback.css\"><script src=\"/javascripts//common/jquery-2.1.1.min.js\"></script><script src=\"/javascripts/login.js\"></script></head><body class=\"ui-page\"><h1 class=\"title\">koa2 Demo</h1><form class=\"ui-form\"><div class=\"ui-form-item\"><input id=\"userName\" name=\"userName\" placeholder=\"手机号/用户名\" class=\"ui-input\"></div><div class=\"ui-form-item\"><input id=\"passWord\" name=\"password\" placeholder=\"请输入密码\" class=\"ui-input\"></div><div class=\"ui-button-box\"><input id=\"btn-submit\" type=\"button\" value=\"提交\" class=\"ui-button ui-button-green ui-button-large\"></div></form></body></html>"
*************** response log end ***************

[2017-01-24 16:39:20.830] [INFO] resLogger - 
*************** response log start ***************
request method: GET
request originalUrl:  /
request client ip:  ::1
request query:  {}
response time: 43
response status: 200
response body: 
"<!DOCTYPE html><html><head><title>koa2 Demo</title><link rel=\"stylesheet\" href=\"/stylesheets/style.css\"><link rel=\"stylesheet\" href=\"/stylesheets/form.css\"><link rel=\"stylesheet\" href=\"/stylesheets/userFeedback.css\"><script src=\"/javascripts//common/jquery-2.1.1.min.js\"></script><script src=\"/javascripts/login.js\"></script></head><body class=\"ui-page\"><h1 class=\"title\">koa2 Demo</h1><form class=\"ui-form\"><div class=\"ui-form-item\"><input id=\"userName\" name=\"userName\" placeholder=\"手机号/用户名\" class=\"ui-input\"></div><div class=\"ui-form-item\"><input id=\"passWord\" name=\"password\" placeholder=\"请输入密码\" class=\"ui-input\"></div><div class=\"ui-button-box\"><input id=\"btn-submit\" type=\"button\" value=\"提交\" class=\"ui-button ui-button-green ui-button-large\"></div></form></body></html>"
*************** response log end ***************

[2017-01-24 16:42:04.218] [INFO] resLogger - 
*************** response log start ***************
request method: POST
request originalUrl:  /toLogin
request client ip:  ::1
request body: 
{"userName":"jianwei","password":"123456"}
response time: 176
response status: 204
response body: 
undefined
*************** response log end ***************

[2017-01-24 16:42:43.867] [INFO] resLogger - 
*************** response log start ***************
request method: GET
request originalUrl:  /
request client ip:  ::1
request query:  {}
response time: 326
response status: 200
response body: 
"<!DOCTYPE html><html><head><title>koa2 Demo</title><link rel=\"stylesheet\" href=\"/stylesheets/style.css\"><link rel=\"stylesheet\" href=\"/stylesheets/form.css\"><link rel=\"stylesheet\" href=\"/stylesheets/userFeedback.css\"><script src=\"/javascripts//common/jquery-2.1.1.min.js\"></script><script src=\"/javascripts/login.js\"></script></head><body class=\"ui-page\"><h1 class=\"title\">koa2 Demo</h1><form class=\"ui-form\"><div class=\"ui-form-item\"><input id=\"userName\" name=\"userName\" placeholder=\"手机号/用户名\" class=\"ui-input\"></div><div class=\"ui-form-item\"><input id=\"passWord\" name=\"password\" placeholder=\"请输入密码\" class=\"ui-input\"></div><div class=\"ui-button-box\"><input id=\"btn-submit\" type=\"button\" value=\"提交\" class=\"ui-button ui-button-green ui-button-large\"></div></form></body></html>"
*************** response log end ***************

[2017-01-24 16:42:47.307] [INFO] resLogger - 
*************** response log start ***************
request method: GET
request originalUrl:  /
request client ip:  ::1
request query:  {}
response time: 242
response status: 200
response body: 
"<!DOCTYPE html><html><head><title>koa2 Demo</title><link rel=\"stylesheet\" href=\"/stylesheets/style.css\"><link rel=\"stylesheet\" href=\"/stylesheets/form.css\"><link rel=\"stylesheet\" href=\"/stylesheets/userFeedback.css\"><script src=\"/javascripts//common/jquery-2.1.1.min.js\"></script><script src=\"/javascripts/login.js\"></script></head><body class=\"ui-page\"><h1 class=\"title\">koa2 Demo</h1><form class=\"ui-form\"><div class=\"ui-form-item\"><input id=\"userName\" name=\"userName\" placeholder=\"手机号/用户名\" class=\"ui-input\"></div><div class=\"ui-form-item\"><input id=\"passWord\" name=\"password\" placeholder=\"请输入密码\" class=\"ui-input\"></div><div class=\"ui-button-box\"><input id=\"btn-submit\" type=\"button\" value=\"提交\" class=\"ui-button ui-button-green ui-button-large\"></div></form></body></html>"
*************** response log end ***************

[2017-01-24 16:43:04.280] [INFO] resLogger - 
*************** response log start ***************
request method: POST
request originalUrl:  /toLogin
request client ip:  ::1
request body: 
{"userName":"jianwei","password":"123456"}
response time: 203
response status: 204
response body: 
undefined
*************** response log end ***************

[2017-01-24 16:47:00.435] [INFO] resLogger - 
*************** response log start ***************
request method: GET
request originalUrl:  /
request client ip:  ::1
request query:  {}
response time: 254
response status: 200
response body: 
"<!DOCTYPE html><html><head><title>koa2 Demo</title><link rel=\"stylesheet\" href=\"/stylesheets/style.css\"><link rel=\"stylesheet\" href=\"/stylesheets/form.css\"><link rel=\"stylesheet\" href=\"/stylesheets/userFeedback.css\"><script src=\"/javascripts//common/jquery-2.1.1.min.js\"></script><script src=\"/javascripts/login.js\"></script></head><body class=\"ui-page\"><h1 class=\"title\">koa2 Demo</h1><form class=\"ui-form\"><div class=\"ui-form-item\"><input id=\"userName\" name=\"userName\" placeholder=\"手机号/用户名\" class=\"ui-input\"></div><div class=\"ui-form-item\"><input id=\"passWord\" name=\"password\" placeholder=\"请输入密码\" class=\"ui-input\"></div><div class=\"ui-button-box\"><input id=\"btn-submit\" type=\"button\" value=\"提交\" class=\"ui-button ui-button-green ui-button-large\"></div></form></body></html>"
*************** response log end ***************

[2017-01-24 16:48:52.117] [INFO] resLogger - 
*************** response log start ***************
request method: POST
request originalUrl:  /toLogin
request client ip:  ::1
request body: 
{"userName":"jianwei","password":"123456"}
response time: 166
response status: 204
response body: 
undefined
*************** response log end ***************

